#
# There is insufficient memory for the Java Runtime Environment to continue.
# Native memory allocation (malloc) failed to allocate 1551536 bytes for Chunk::new
# Possible reasons:
#   The system is out of physical RAM or swap space
#   The process is running with CompressedOops enabled, and the Java Heap may be blocking the growth of the native heap
# Possible solutions:
#   Reduce memory load on the system
#   Increase physical memory or swap space
#   Check if swap backing store is full
#   Decrease Java heap size (-Xmx/-Xms)
#   Decrease number of Java threads
#   Decrease Java thread stack sizes (-Xss)
#   Set larger code cache with -XX:ReservedCodeCacheSize=
#   JVM is running with Unscaled Compressed Oops mode in which the Java heap is
#     placed in the first 4GB address space. The Java Heap base address is the
#     maximum limit for the native heap growth. Please use -XX:HeapBaseMinAddress
#     to set the Java Heap base and to place the Java Heap above 4GB virtual address.
# This output file may be truncated or incomplete.
#
#  Out of Memory Error (allocation.cpp:389), pid=8408, tid=0x0000000000002c94
#
# JRE version: Java(TM) SE Runtime Environment (8.0_281-b09) (build 1.8.0_281-b09)
# Java VM: Java HotSpot(TM) 64-Bit Server VM (25.281-b09 mixed mode windows-amd64 compressed oops)
# Failed to write core dump. Minidumps are not enabled by default on client versions of Windows
#

---------------  T H R E A D  ---------------

Current thread (0x0000014f21a19000):  JavaThread "C2 CompilerThread2" daemon [_thread_in_native, id=11412, stack(0x0000000fb6500000,0x0000000fb6600000)]

Stack: [0x0000000fb6500000,0x0000000fb6600000]
Native frames: (J=compiled Java code, j=interpreted, Vv=VM code, C=native code)
V  [jvm.dll+0x32e5b9]
V  [jvm.dll+0x275012]
V  [jvm.dll+0x275cbd]
V  [jvm.dll+0x26c6f5]
V  [jvm.dll+0xd51fc]
V  [jvm.dll+0xd59fc]
V  [jvm.dll+0x46f8c3]
V  [jvm.dll+0x4373e0]
V  [jvm.dll+0x4403d5]
V  [jvm.dll+0x43f795]
V  [jvm.dll+0x42a5e7]
V  [jvm.dll+0xabe9b]
V  [jvm.dll+0xaa4fb]
V  [jvm.dll+0x23d6b2]
V  [jvm.dll+0x291cbc]
C  [ucrtbase.dll+0x21bb2]
C  [KERNEL32.DLL+0x17034]
C  [ntdll.dll+0x52651]


Current CompileTask:
C2:   1954 1560       4       com.sun.nio.zipfs.ZipFileSystem::addToTree (119 bytes)


---------------  P R O C E S S  ---------------

Java Threads: ( => current thread )
  0x0000014f22dd8800 JavaThread "Service Thread" daemon [_thread_blocked, id=5904, stack(0x0000000fb6700000,0x0000000fb6800000)]
  0x0000014f21a1d800 JavaThread "C1 CompilerThread3" daemon [_thread_in_vm, id=11196, stack(0x0000000fb6600000,0x0000000fb6700000)]
=>0x0000014f21a19000 JavaThread "C2 CompilerThread2" daemon [_thread_in_native, id=11412, stack(0x0000000fb6500000,0x0000000fb6600000)]
  0x0000014f21a0d000 JavaThread "C2 CompilerThread1" daemon [_thread_in_native, id=2968, stack(0x0000000fb6400000,0x0000000fb6500000)]
  0x0000014f21a08800 JavaThread "C2 CompilerThread0" daemon [_thread_blocked, id=7632, stack(0x0000000fb6300000,0x0000000fb6400000)]
  0x0000014f21a07800 JavaThread "Attach Listener" daemon [_thread_blocked, id=6644, stack(0x0000000fb6200000,0x0000000fb6300000)]
  0x0000014f21a06800 JavaThread "Signal Dispatcher" daemon [_thread_blocked, id=7836, stack(0x0000000fb6100000,0x0000000fb6200000)]
  0x0000014f219e1800 JavaThread "Finalizer" daemon [_thread_blocked, id=18752, stack(0x0000000fb6000000,0x0000000fb6100000)]
  0x0000014f219d9800 JavaThread "Reference Handler" daemon [_thread_blocked, id=12240, stack(0x0000000fb5f00000,0x0000000fb6000000)]
  0x0000014f0adc5000 JavaThread "main" [_thread_in_native, id=2852, stack(0x0000000fb5500000,0x0000000fb5600000)]

Other Threads:
  0x0000014f20dde800 VMThread [stack: 0x0000000fb5e00000,0x0000000fb5f00000] [id=9748]
  0x0000014f21a2c800 WatcherThread [stack: 0x0000000fb6800000,0x0000000fb6900000] [id=2416]

VM state:not at safepoint (normal execution)

VM Mutex/Monitor currently owned by a thread: None

heap address: 0x0000000082a00000, size: 2006 MB, Compressed Oops mode: 32-bit
Narrow klass base: 0x0000000000000000, Narrow klass shift: 3
Compressed class space size: 1073741824 Address: 0x0000000100000000

Heap:
 PSYoungGen      total 37888K, used 9274K [0x00000000d6380000, 0x00000000d8d80000, 0x0000000100000000)
  eden space 32768K, 28% used [0x00000000d6380000,0x00000000d6c8eb88,0x00000000d8380000)
  from space 5120K, 0% used [0x00000000d8380000,0x00000000d8380000,0x00000000d8880000)
  to   space 5120K, 0% used [0x00000000d8880000,0x00000000d8880000,0x00000000d8d80000)
 ParOldGen       total 86016K, used 22395K [0x0000000082a00000, 0x0000000087e00000, 0x00000000d6380000)
  object space 86016K, 26% used [0x0000000082a00000,0x0000000083fdec60,0x0000000087e00000)
 Metaspace       used 22477K, capacity 22950K, committed 23088K, reserved 1069056K
  class space    used 2687K, capacity 2839K, committed 2864K, reserved 1048576K

Card table byte_map: [0x0000014f1bbb0000,0x0000014f1bfa0000] byte_map_base: 0x0000014f1b79b000

Marking Bits: (ParMarkBitMap*) 0x000000005a8c6ff0
 Begin Bits: [0x0000014f1c240000, 0x0000014f1e198000)
 End Bits:   [0x0000014f1e198000, 0x0000014f200f0000)

Polling page: 0x0000014f0afb0000

CodeCache: size=245760Kb used=5127Kb max_used=5134Kb free=240632Kb
 bounds [0x0000014f0c7f0000, 0x0000014f0cd00000, 0x0000014f1b7f0000]
 total_blobs=2107 nmethods=1659 adapters=360
 compilation: enabled

Compilation events (10 events):
Event: 1.908 Thread 0x0000014f21a1d800 1648       1       java.lang.invoke.InnerClassLambdaMetafactory::access$300 (5 bytes)
Event: 1.908 Thread 0x0000014f21a1d800 nmethod 1648 0x0000014f0ccec850 code [0x0000014f0ccec9a0, 0x0000014f0cceca98]
Event: 1.909 Thread 0x0000014f21a1d800 1649       3       sun.invoke.util.VerifyAccess::isClassAccessible (66 bytes)
Event: 1.909 Thread 0x0000014f21a1d800 nmethod 1649 0x0000014f0ccecb10 code [0x0000014f0ccecce0, 0x0000014f0cced370]
Event: 1.909 Thread 0x0000014f21a1d800 1651       3       java.lang.invoke.MethodHandle::<init> (35 bytes)
Event: 1.909 Thread 0x0000014f21a1d800 nmethod 1651 0x0000014f0cced550 code [0x0000014f0cced6e0, 0x0000014f0ccedac0]
Event: 1.909 Thread 0x0000014f21a1d800 1652       3       java.lang.invoke.LambdaForm::prepare (43 bytes)
Event: 1.910 Thread 0x0000014f21a1d800 nmethod 1652 0x0000014f0ccedc50 code [0x0000014f0ccedde0, 0x0000014f0ccee130]
Event: 1.910 Thread 0x0000014f21a1d800 1650       3       sun.invoke.util.VerifyAccess::getClassModifiers (24 bytes)
Event: 1.910 Thread 0x0000014f21a1d800 nmethod 1650 0x0000014f0ccee250 code [0x0000014f0ccee3e0, 0x0000014f0ccee7e0]

GC Heap History (8 events):
Event: 0.703 GC heap before
{Heap before GC invocations=1 (full 0):
 PSYoungGen      total 37888K, used 32768K [0x00000000d6380000, 0x00000000d8d80000, 0x0000000100000000)
  eden space 32768K, 100% used [0x00000000d6380000,0x00000000d8380000,0x00000000d8380000)
  from space 5120K, 0% used [0x00000000d8880000,0x00000000d8880000,0x00000000d8d80000)
  to   space 5120K, 0% used [0x00000000d8380000,0x00000000d8380000,0x00000000d8880000)
 ParOldGen       total 86016K, used 0K [0x0000000082a00000, 0x0000000087e00000, 0x00000000d6380000)
  object space 86016K, 0% used [0x0000000082a00000,0x0000000082a00000,0x0000000087e00000)
 Metaspace       used 9487K, capacity 10356K, committed 10624K, reserved 1058816K
  class space    used 1031K, capacity 1072K, committed 1152K, reserved 1048576K
Event: 0.710 GC heap after
Heap after GC invocations=1 (full 0):
 PSYoungGen      total 37888K, used 5118K [0x00000000d6380000, 0x00000000d8d80000, 0x0000000100000000)
  eden space 32768K, 0% used [0x00000000d6380000,0x00000000d6380000,0x00000000d8380000)
  from space 5120K, 99% used [0x00000000d8380000,0x00000000d887f8d0,0x00000000d8880000)
  to   space 5120K, 0% used [0x00000000d8880000,0x00000000d8880000,0x00000000d8d80000)
 ParOldGen       total 86016K, used 2575K [0x0000000082a00000, 0x0000000087e00000, 0x00000000d6380000)
  object space 86016K, 2% used [0x0000000082a00000,0x0000000082c83e68,0x0000000087e00000)
 Metaspace       used 9487K, capacity 10356K, committed 10624K, reserved 1058816K
  class space    used 1031K, capacity 1072K, committed 1152K, reserved 1048576K
}
Event: 1.329 GC heap before
{Heap before GC invocations=2 (full 0):
 PSYoungGen      total 37888K, used 37886K [0x00000000d6380000, 0x00000000d8d80000, 0x0000000100000000)
  eden space 32768K, 100% used [0x00000000d6380000,0x00000000d8380000,0x00000000d8380000)
  from space 5120K, 99% used [0x00000000d8380000,0x00000000d887f8d0,0x00000000d8880000)
  to   space 5120K, 0% used [0x00000000d8880000,0x00000000d8880000,0x00000000d8d80000)
 ParOldGen       total 86016K, used 2575K [0x0000000082a00000, 0x0000000087e00000, 0x00000000d6380000)
  object space 86016K, 2% used [0x0000000082a00000,0x0000000082c83e68,0x0000000087e00000)
 Metaspace       used 15817K, capacity 16074K, committed 16256K, reserved 1062912K
  class space    used 1836K, capacity 1913K, committed 1920K, reserved 1048576K
Event: 1.337 GC heap after
Heap after GC invocations=2 (full 0):
 PSYoungGen      total 37888K, used 5088K [0x00000000d6380000, 0x00000000d8d80000, 0x0000000100000000)
  eden space 32768K, 0% used [0x00000000d6380000,0x00000000d6380000,0x00000000d8380000)
  from space 5120K, 99% used [0x00000000d8880000,0x00000000d8d78020,0x00000000d8d80000)
  to   space 5120K, 0% used [0x00000000d8380000,0x00000000d8380000,0x00000000d8880000)
 ParOldGen       total 86016K, used 7274K [0x0000000082a00000, 0x0000000087e00000, 0x00000000d6380000)
  object space 86016K, 8% used [0x0000000082a00000,0x000000008311a998,0x0000000087e00000)
 Metaspace       used 15817K, capacity 16074K, committed 16256K, reserved 1062912K
  class space    used 1836K, capacity 1913K, committed 1920K, reserved 1048576K
}
Event: 1.775 GC heap before
{Heap before GC invocations=3 (full 0):
 PSYoungGen      total 37888K, used 37668K [0x00000000d6380000, 0x00000000d8d80000, 0x0000000100000000)
  eden space 32768K, 99% used [0x00000000d6380000,0x00000000d8351058,0x00000000d8380000)
  from space 5120K, 99% used [0x00000000d8880000,0x00000000d8d78020,0x00000000d8d80000)
  to   space 5120K, 0% used [0x00000000d8380000,0x00000000d8380000,0x00000000d8880000)
 ParOldGen       total 86016K, used 7274K [0x0000000082a00000, 0x0000000087e00000, 0x00000000d6380000)
  object space 86016K, 8% used [0x0000000082a00000,0x000000008311a998,0x0000000087e00000)
 Metaspace       used 20774K, capacity 21126K, committed 21296K, reserved 1069056K
  class space    used 2444K, capacity 2573K, committed 2608K, reserved 1048576K
Event: 1.785 GC heap after
Heap after GC invocations=3 (full 0):
 PSYoungGen      total 37888K, used 5090K [0x00000000d6380000, 0x00000000d8d80000, 0x0000000100000000)
  eden space 32768K, 0% used [0x00000000d6380000,0x00000000d6380000,0x00000000d8380000)
  from space 5120K, 99% used [0x00000000d8380000,0x00000000d8878a58,0x00000000d8880000)
  to   space 5120K, 0% used [0x00000000d8880000,0x00000000d8880000,0x00000000d8d80000)
 ParOldGen       total 86016K, used 24671K [0x0000000082a00000, 0x0000000087e00000, 0x00000000d6380000)
  object space 86016K, 28% used [0x0000000082a00000,0x0000000084217c90,0x0000000087e00000)
 Metaspace       used 20774K, capacity 21126K, committed 21296K, reserved 1069056K
  class space    used 2444K, capacity 2573K, committed 2608K, reserved 1048576K
}
Event: 1.785 GC heap before
{Heap before GC invocations=4 (full 1):
 PSYoungGen      total 37888K, used 5090K [0x00000000d6380000, 0x00000000d8d80000, 0x0000000100000000)
  eden space 32768K, 0% used [0x00000000d6380000,0x00000000d6380000,0x00000000d8380000)
  from space 5120K, 99% used [0x00000000d8380000,0x00000000d8878a58,0x00000000d8880000)
  to   space 5120K, 0% used [0x00000000d8880000,0x00000000d8880000,0x00000000d8d80000)
 ParOldGen       total 86016K, used 24671K [0x0000000082a00000, 0x0000000087e00000, 0x00000000d6380000)
  object space 86016K, 28% used [0x0000000082a00000,0x0000000084217c90,0x0000000087e00000)
 Metaspace       used 20774K, capacity 21126K, committed 21296K, reserved 1069056K
  class space    used 2444K, capacity 2573K, committed 2608K, reserved 1048576K
Event: 1.833 GC heap after
Heap after GC invocations=4 (full 1):
 PSYoungGen      total 37888K, used 0K [0x00000000d6380000, 0x00000000d8d80000, 0x0000000100000000)
  eden space 32768K, 0% used [0x00000000d6380000,0x00000000d6380000,0x00000000d8380000)
  from space 5120K, 0% used [0x00000000d8380000,0x00000000d8380000,0x00000000d8880000)
  to   space 5120K, 0% used [0x00000000d8880000,0x00000000d8880000,0x00000000d8d80000)
 ParOldGen       total 86016K, used 22395K [0x0000000082a00000, 0x0000000087e00000, 0x00000000d6380000)
  object space 86016K, 26% used [0x0000000082a00000,0x0000000083fdec60,0x0000000087e00000)
 Metaspace       used 20774K, capacity 21126K, committed 21296K, reserved 1069056K
  class space    used 2444K, capacity 2573K, committed 2608K, reserved 1048576K
}

Deoptimization events (10 events):
Event: 1.124 Thread 0x0000014f0adc5000 Uncommon trap: reason=unstable_if action=reinterpret pc=0x0000014f0c9fc760 method=java.lang.String.indexOf([CII[CIII)I @ 3
Event: 1.534 Thread 0x0000014f0adc5000 Uncommon trap: reason=class_check action=maybe_recompile pc=0x0000014f0cb6216c method=java.util.Collections$UnmodifiableList.get(I)Ljava/lang/Object; @ 5
Event: 1.559 Thread 0x0000014f0adc5000 Uncommon trap: reason=unstable_if action=reinterpret pc=0x0000014f0ca158a4 method=sun.misc.MetaIndex.mayContain(Ljava/lang/String;)Z @ 38
Event: 1.561 Thread 0x0000014f0adc5000 Uncommon trap: reason=unstable_if action=reinterpret pc=0x0000014f0c9f7db8 method=sun.misc.MetaIndex.mayContain(Ljava/lang/String;)Z @ 38
Event: 1.635 Thread 0x0000014f0adc5000 Uncommon trap: reason=unstable_if action=reinterpret pc=0x0000014f0ccb529c method=java.util.Arrays.equals([B[B)Z @ 2
Event: 1.667 Thread 0x0000014f0adc5000 Uncommon trap: reason=class_check action=maybe_recompile pc=0x0000014f0cc8dbf4 method=java.util.zip.InflaterInputStream.read([BII)I @ 100
Event: 1.711 Thread 0x0000014f0adc5000 Uncommon trap: reason=unstable_if action=reinterpret pc=0x0000014f0ccb0d6c method=java.util.Arrays.hashCode([B)I @ 1
Event: 1.731 Thread 0x0000014f0adc5000 Uncommon trap: reason=unstable_if action=reinterpret pc=0x0000014f0ccb859c method=com.sun.nio.zipfs.ZipFileSystem.getParent([B)[B @ 21
Event: 1.744 Thread 0x0000014f0adc5000 Uncommon trap: reason=class_check action=maybe_recompile pc=0x0000014f0cc8dbf4 method=java.util.zip.InflaterInputStream.read([BII)I @ 100
Event: 1.899 Thread 0x0000014f0adc5000 Uncommon trap: reason=unstable_if action=reinterpret pc=0x0000014f0c9350b8 method=java.lang.String.startsWith(Ljava/lang/String;I)Z @ 25

Classes redefined (0 events):
No events

Internal exceptions (10 events):
Event: 0.427 Thread 0x0000014f0adc5000 Exception <a 'java/security/PrivilegedActionException'> (0x00000000d7224fc8) thrown at [C:\jenkins\workspace\8-2-build-windows-amd64-cygwin\jdk8u281\880\hotspot\src\share\vm\prims\jvm.cpp, line 1512]
Event: 0.427 Thread 0x0000014f0adc5000 Exception <a 'java/security/PrivilegedActionException'> (0x00000000d72253c0) thrown at [C:\jenkins\workspace\8-2-build-windows-amd64-cygwin\jdk8u281\880\hotspot\src\share\vm\prims\jvm.cpp, line 1512]
Event: 0.680 Thread 0x0000014f0adc5000 Exception <a 'java/lang/ArrayIndexOutOfBoundsException'> (0x00000000d8188410) thrown at [C:\jenkins\workspace\8-2-build-windows-amd64-cygwin\jdk8u281\880\hotspot\src\share\vm\runtime\sharedRuntime.cpp, line 609]
Event: 0.900 Thread 0x0000014f0adc5000 Exception <a 'java/lang/ArrayIndexOutOfBoundsException'> (0x00000000d6ccbb28) thrown at [C:\jenkins\workspace\8-2-build-windows-amd64-cygwin\jdk8u281\880\hotspot\src\share\vm\runtime\sharedRuntime.cpp, line 609]
Event: 1.092 Thread 0x0000014f0adc5000 Exception <a 'java/lang/NoSuchFieldError': method resolution failed> (0x00000000d76e2a50) thrown at [C:\jenkins\workspace\8-2-build-windows-amd64-cygwin\jdk8u281\880\hotspot\src\share\vm\prims\methodHandles.cpp, line 1169]
Event: 1.094 Thread 0x0000014f0adc5000 Exception <a 'java/lang/NoSuchFieldError': method resolution failed> (0x00000000d76f0140) thrown at [C:\jenkins\workspace\8-2-build-windows-amd64-cygwin\jdk8u281\880\hotspot\src\share\vm\prims\methodHandles.cpp, line 1169]
Event: 1.475 Thread 0x0000014f0adc5000 Exception <a 'java/lang/NoSuchMethodError': java.lang.Object.lambda$static$0()J> (0x00000000d6ca9c40) thrown at [C:\jenkins\workspace\8-2-build-windows-amd64-cygwin\jdk8u281\880\hotspot\src\share\vm\interpreter\linkResolver.cpp, line 620]
Event: 1.711 Thread 0x0000014f0adc5000 Implicit null exception at 0x0000014f0ccb0bd7 to 0x0000014f0ccb0d52
Event: 1.851 Thread 0x0000014f0adc5000 Exception <a 'java/lang/NoSuchMethodError': java.lang.Object.lambda$static$0(I)[Lorg/jetbrains/kotlin/com/intellij/openapi/editor/event/DocumentListener;> (0x00000000d6490c88) thrown at [C:\jenkins\workspace\8-2-build-windows-amd64-cygwin\jdk8u281\880\hot
Event: 1.882 Thread 0x0000014f0adc5000 Exception <a 'java/lang/NoSuchMethodError': java.lang.Object.lambda$static$0(I)[Lorg/jetbrains/kotlin/com/intellij/psi/PsiAnnotation;> (0x00000000d66c8168) thrown at [C:\jenkins\workspace\8-2-build-windows-amd64-cygwin\jdk8u281\880\hotspot\src\share\vm\in

Events (10 events):
Event: 1.919 loading class org/jetbrains/kotlin/com/intellij/psi/impl/IsConstantExpressionVisitor
Event: 1.919 loading class org/jetbrains/kotlin/com/intellij/psi/impl/IsConstantExpressionVisitor done
Event: 1.920 loading class org/jetbrains/kotlin/com/intellij/util/containers/ConcurrentSoftKeySoftValueHashMap
Event: 1.920 loading class org/jetbrains/kotlin/com/intellij/util/containers/ConcurrentSoftKeySoftValueHashMap done
Event: 1.920 loading class org/jetbrains/kotlin/com/intellij/openapi/project/Project
Event: 1.920 loading class org/jetbrains/kotlin/com/intellij/openapi/project/Project done
Event: 1.920 loading class org/jetbrains/kotlin/com/intellij/lang/jvm/facade/JvmFacadeImpl
Event: 1.920 loading class org/jetbrains/kotlin/com/intellij/lang/jvm/facade/JvmFacadeImpl done
Event: 1.920 loading class org/jetbrains/kotlin/com/intellij/lang/jvm/facade/JvmFacade
Event: 1.920 loading class org/jetbrains/kotlin/com/intellij/lang/jvm/facade/JvmFacade done


Dynamic libraries:
0x00007ff733bc0000 - 0x00007ff733c07000 	C:\Program Files\Java\jdk1.8.0_281\jre\bin\java.exe
0x00007fff5af10000 - 0x00007fff5b105000 	C:\WINDOWS\SYSTEM32\ntdll.dll
0x00007fff5a780000 - 0x00007fff5a83e000 	C:\WINDOWS\System32\KERNEL32.DLL
0x00007fff58810000 - 0x00007fff58ad8000 	C:\WINDOWS\System32\KERNELBASE.dll
0x00007fff59310000 - 0x00007fff593bc000 	C:\WINDOWS\System32\ADVAPI32.dll
0x00007fff5a950000 - 0x00007fff5a9ee000 	C:\WINDOWS\System32\msvcrt.dll
0x00007fff5a4f0000 - 0x00007fff5a58b000 	C:\WINDOWS\System32\sechost.dll
0x00007fff5a640000 - 0x00007fff5a76a000 	C:\WINDOWS\System32\RPCRT4.dll
0x00007fff5a9f0000 - 0x00007fff5ab91000 	C:\WINDOWS\System32\USER32.dll
0x00007fff58680000 - 0x00007fff586a2000 	C:\WINDOWS\System32\win32u.dll
0x00007fff5ada0000 - 0x00007fff5adcb000 	C:\WINDOWS\System32\GDI32.dll
0x00007fff58ae0000 - 0x00007fff58beb000 	C:\WINDOWS\System32\gdi32full.dll
0x00007fff58e00000 - 0x00007fff58e9d000 	C:\WINDOWS\System32\msvcp_win.dll
0x00007fff58710000 - 0x00007fff58810000 	C:\WINDOWS\System32\ucrtbase.dll
0x00007fff3f9c0000 - 0x00007fff3fc5a000 	C:\WINDOWS\WinSxS\amd64_microsoft.windows.common-controls_6595b64144ccf1df_6.0.19041.1110_none_60b5254171f9507e\COMCTL32.dll
0x00007fff5ad70000 - 0x00007fff5ada0000 	C:\WINDOWS\System32\IMM32.DLL
0x00007fff4fa00000 - 0x00007fff4fa15000 	C:\Program Files\Java\jdk1.8.0_281\jre\bin\vcruntime140.dll
0x00007fff34ff0000 - 0x00007fff3508b000 	C:\Program Files\Java\jdk1.8.0_281\jre\bin\msvcp140.dll
0x000000005a0e0000 - 0x000000005a93f000 	C:\Program Files\Java\jdk1.8.0_281\jre\bin\server\jvm.dll
0x00007fff59300000 - 0x00007fff59308000 	C:\WINDOWS\System32\PSAPI.DLL
0x00007fff4e490000 - 0x00007fff4e49a000 	C:\WINDOWS\SYSTEM32\VERSION.dll
0x00007fff46e70000 - 0x00007fff46e97000 	C:\WINDOWS\SYSTEM32\WINMM.dll
0x00007fff4f9f0000 - 0x00007fff4f9f9000 	C:\WINDOWS\SYSTEM32\WSOCK32.dll
0x00007fff5aba0000 - 0x00007fff5ac0b000 	C:\WINDOWS\System32\WS2_32.dll
0x00007fff56ea0000 - 0x00007fff56eb2000 	C:\WINDOWS\SYSTEM32\kernel.appcore.dll
0x00007fff50f10000 - 0x00007fff50f20000 	C:\Program Files\Java\jdk1.8.0_281\jre\bin\verify.dll
0x00007fff4e120000 - 0x00007fff4e14b000 	C:\Program Files\Java\jdk1.8.0_281\jre\bin\java.dll
0x00007fff46f40000 - 0x00007fff46f58000 	C:\Program Files\Java\jdk1.8.0_281\jre\bin\zip.dll
0x00007fff59c20000 - 0x00007fff5a35f000 	C:\WINDOWS\System32\SHELL32.dll
0x00007fff566d0000 - 0x00007fff56e60000 	C:\WINDOWS\SYSTEM32\windows.storage.dll
0x00007fff593c0000 - 0x00007fff59715000 	C:\WINDOWS\System32\combase.dll
0x00007fff58080000 - 0x00007fff580ae000 	C:\WINDOWS\SYSTEM32\Wldp.dll
0x00007fff5a590000 - 0x00007fff5a63d000 	C:\WINDOWS\System32\SHCORE.dll
0x00007fff5ad10000 - 0x00007fff5ad65000 	C:\WINDOWS\System32\shlwapi.dll
0x00007fff58570000 - 0x00007fff5858f000 	C:\WINDOWS\SYSTEM32\profapi.dll
0x00007fff45330000 - 0x00007fff4534c000 	C:\Program Files\Java\jdk1.8.0_281\jre\bin\net.dll
0x00007fff57de0000 - 0x00007fff57e4a000 	C:\WINDOWS\system32\mswsock.dll
0x00007fff447f0000 - 0x00007fff44803000 	C:\Program Files\Java\jdk1.8.0_281\jre\bin\nio.dll
0x00007fff52b60000 - 0x00007fff52d44000 	C:\WINDOWS\SYSTEM32\dbghelp.dll
0x00007fff58ed0000 - 0x00007fff58f53000 	C:\WINDOWS\System32\bcryptPrimitives.dll

VM Arguments:
java_command: org.jetbrains.kotlin.cli.jvm.K2JVMCompiler @D:\Prince Work\Projects\workout\Axces\node_modules\react-native-pager-view\android\build\20211203_1330999690923496567.compiler.options
java_class_path (initial): C:\Users\Delimp\.gradle\caches\modules-2\files-2.1\org.jetbrains.kotlin\kotlin-compiler-embeddable\1.5.30\3362a354066df1578a057c200da23cf2a1d8144f\kotlin-compiler-embeddable-1.5.30.jar;C:\Users\Delimp\.gradle\caches\modules-2\files-2.1\org.jetbrains.kotlin\kotlin-reflect\1.5.30\6773e974437dd6432aa646cc2f8ab71de42b5773\kotlin-reflect-1.5.30.jar;C:\Users\Delimp\.gradle\caches\modules-2\files-2.1\org.jetbrains.kotlin\kotlin-stdlib\1.5.30\d68efdea04955974ac1020f8f66ef8176bfbce1f\kotlin-stdlib-1.5.30.jar;C:\Users\Delimp\.gradle\caches\modules-2\files-2.1\org.jetbrains.kotlin\kotlin-script-runtime\1.5.30\10697ab20bfd2f1b23baa91306950c36c4e89a8d\kotlin-script-runtime-1.5.30.jar;C:\Users\Delimp\.gradle\caches\modules-2\files-2.1\org.jetbrains.kotlin\kotlin-daemon-embeddable\1.5.30\e355dc9011e559a475608265607948109e113ae0\kotlin-daemon-embeddable-1.5.30.jar;C:\Users\Delimp\.gradle\caches\modules-2\files-2.1\org.jetbrains.intellij.deps\trove4j\1.0.20181211\216c2e14b070f334479d800987affe4054cd563f\trove4j-1.0.20181211.jar;C:\Users\Delimp\.gradle\caches\modules-2\files-2.1\org.jetbrains\annotations\13.0\919f0dfe192fb4e063e7dacadee7f8bb9a2672a9\annotations-13.0.jar;C:\Users\Delimp\.gradle\caches\modules-2\files-2.1\org.jetbrains.kotlin\kotlin-stdlib-common\1.5.30\649ffab7767038323fec0cc41e2d7b0a8f65a378\kotlin-stdlib-common-1.5.30.jar;C:\Program Files\Java\jdk1.8.0_281\lib\tools.jar
Launcher Type: SUN_STANDARD

Environment Variables:
JAVA_HOME=C:\Program Files\Java\jdk1.8.0_281
CLASSPATH=D:\Prince Work\Projects\workout\Axces\android\\gradle\wrapper\gradle-wrapper.jar
PATH=D:\Prince Work\Projects\workout\Axces\android\node_modules\.bin;D:\Prince Work\Projects\workout\Axces\node_modules\.bin;D:\Prince Work\Projects\workout\node_modules\.bin;D:\Prince Work\Projects\node_modules\.bin;D:\Prince Work\node_modules\.bin;D:\node_modules\.bin;C:\Program Files\nodejs;D:\Prince Work\Projects\workout\Axces\node_modules\.bin;C:\Program Files\Git\mingw64\bin;C:\Program Files\Git\usr\bin;C:\Users\Delimp\bin;C:\Program Files (x86)\Common Files\Oracle\Java\javapath;C:\Windows\system32;C:\Windows;C:\Windows\System32\Wbem;C:\Windows\System32\WindowsPowerShell\v1.0;C:\Windows\System32\OpenSSH;C:\Program Files (x86)\NVIDIA Corporation\PhysX\Common;C:\Program Files\NVIDIA Corporation\NVIDIA NvDLISR;C:\WINDOWS\system32;C:\WINDOWS;C:\WINDOWS\System32\Wbem;C:\WINDOWS\System32\WindowsPowerShell\v1.0;C:\WINDOWS\System32\OpenSSH;C:\Program Files\nodejs;C:\Program Files\Git\cmd;C:\Program Files\MongoDB\Tools\100\bin;C:\Program Files\MongoDB\Server\4.4\bin;C:\gradle-6.2.2\bin;C:\Users\Delimp\AppData\Local\Microsoft\WindowsApps;C:\Users\Delimp\AppData\Local\Programs\Microsoft VS Code\bin;C:\Users\Delimp\AppData\Roaming\npm;C:\Users\Delimp\AppData\Local\Android\Sdk\platform-tools;C:\Users\Delimp\AppData\Local\Android\Sdk\platform;C:\Program Files\Java\jdk1.8.0_281;C:\Program Files\Java\jdk1.8.0_281\bin;C:\gradle-6.2.2
USERNAME=Delimp
OS=Windows_NT
PROCESSOR_IDENTIFIER=Intel64 Family 6 Model 142 Stepping 12, GenuineIntel



---------------  S Y S T E M  ---------------

OS: Windows 10.0 , 64 bit Build 19041 (10.0.19041.1348)

CPU:total 8 (initial active 8) (4 cores per cpu, 2 threads per core) family 6 model 142 stepping 12, cmov, cx8, fxsr, mmx, sse, sse2, sse3, ssse3, sse4.1, sse4.2, popcnt, avx, avx2, aes, clmul, erms, 3dnowpref, lzcnt, ht, tsc, tscinvbit, bmi1, bmi2, adx

Memory: 4k page, physical 8215284k(497480k free), swap 27415280k(5288k free)

vm_info: Java HotSpot(TM) 64-Bit Server VM (25.281-b09) for windows-amd64 JRE (1.8.0_281-b09), built on Dec  9 2020 13:54:07 by "" with MS VC++ 15.9 (VS2017)

time: Fri Dec  3 17:43:35 2021
timezone: India Standard Time
elapsed time: 1.956916 seconds (0d 0h 0m 1s)

